[0m21:32:42.750889 [debug] [MainThread]: Sending event: {'category': 'dbt', 'action': 'invocation', 'label': 'start', 'context': [<snowplow_tracker.self_describing_json.SelfDescribingJson object at 0x000001C904AA73B0>, <snowplow_tracker.self_describing_json.SelfDescribingJson object at 0x000001C904A79DC0>, <snowplow_tracker.self_describing_json.SelfDescribingJson object at 0x000001C904352AB0>]}


============================== 21:32:42.756897 | 090fa0c8-ab33-48ce-99af-cdfc9fd95467 ==============================
[0m21:32:42.756897 [info ] [MainThread]: Running with dbt=1.11.8
[0m21:32:42.757898 [debug] [MainThread]: running dbt with arguments {'static_parser': 'True', 'no_print': 'None', 'version_check': 'True', 'warn_error_options': 'WarnErrorOptionsV2(error=[], warn=[], silence=[])', 'target_path': 'None', 'printer_width': '80', 'write_json': 'True', 'empty': 'None', 'log_cache_events': 'False', 'introspect': 'True', 'cache_selected_only': 'False', 'log_format': 'default', 'debug': 'False', 'fail_fast': 'False', 'profiles_dir': 'C:\\Users\\avigh\\.dbt', 'send_anonymous_usage_stats': 'True', 'quiet': 'False', 'warn_error': 'None', 'partial_parse': 'True', 'invocation_command': 'dbt init dbt-clinical-data', 'indirect_selection': 'eager', 'use_colors': 'True', 'use_experimental_parser': 'False', 'log_path': 'logs'}
[0m21:32:42.773554 [info ] [MainThread]: Creating dbt configuration folder at C:\Users\avigh\.dbt
[0m21:33:06.987120 [debug] [MainThread]: Starter project path: C:\Code\airflow-dbt-snowflake\venv\Lib\site-packages\dbt\include\starter_project
[0m21:33:07.020415 [info ] [MainThread]: 
Your new dbt project "dbt_clinical_data" was created!

For more information on how to configure the profiles.yml file,
please consult the dbt documentation here:

  https://docs.getdbt.com/docs/configure-your-profile

One more thing:

Need help? Don't hesitate to reach out to us via GitHub issues or on Slack:

  https://community.getdbt.com/

Happy modeling!

[0m21:33:07.021415 [info ] [MainThread]: Setting up your profile.
[0m21:34:01.969301 [debug] [MainThread]: Snowflake adapter: Setting snowflake.connector to ERROR (file logging only)
[0m21:34:01.969301 [debug] [MainThread]: Snowflake adapter: Setting botocore to ERROR (file logging only)
[0m21:34:01.970721 [debug] [MainThread]: Snowflake adapter: Setting boto3 to ERROR (file logging only)
[0m21:37:03.994374 [info ] [MainThread]: Profile dbt_clinical_data written to C:\Users\avigh\.dbt\profiles.yml using target's profile_template.yml and your supplied values. Run 'dbt debug' to validate the connection.
[0m21:37:03.996375 [debug] [MainThread]: Command `dbt init` succeeded at 21:37:03.996375 after 261.42 seconds
[0m21:37:03.996375 [debug] [MainThread]: Sending event: {'category': 'dbt', 'action': 'invocation', 'label': 'end', 'context': [<snowplow_tracker.self_describing_json.SelfDescribingJson object at 0x000001C903344320>, <snowplow_tracker.self_describing_json.SelfDescribingJson object at 0x000001C906264EC0>, <snowplow_tracker.self_describing_json.SelfDescribingJson object at 0x000001C9060FB290>]}
[0m21:37:03.997375 [debug] [MainThread]: Flushing usage events
[0m21:37:05.648547 [debug] [MainThread]: An error was encountered while trying to flush usage events
[0m21:38:15.753032 [debug] [MainThread]: Sending event: {'category': 'dbt', 'action': 'invocation', 'label': 'start', 'context': [<snowplow_tracker.self_describing_json.SelfDescribingJson object at 0x0000026D54FFA870>, <snowplow_tracker.self_describing_json.SelfDescribingJson object at 0x0000026D5549BFB0>, <snowplow_tracker.self_describing_json.SelfDescribingJson object at 0x0000026D5507CB90>]}


============================== 21:38:15.760036 | 28e2b780-c89c-41da-9614-e98e70144214 ==============================
[0m21:38:15.760036 [info ] [MainThread]: Running with dbt=1.11.8
[0m21:38:15.761035 [debug] [MainThread]: running dbt with arguments {'static_parser': 'True', 'no_print': 'None', 'version_check': 'True', 'target_path': 'None', 'warn_error_options': 'WarnErrorOptionsV2(error=[], warn=[], silence=[])', 'printer_width': '80', 'write_json': 'True', 'empty': 'None', 'log_cache_events': 'False', 'introspect': 'True', 'cache_selected_only': 'False', 'log_format': 'default', 'debug': 'False', 'fail_fast': 'False', 'partial_parse': 'True', 'send_anonymous_usage_stats': 'True', 'quiet': 'False', 'warn_error': 'None', 'profiles_dir': 'C:\\Users\\avigh\\.dbt', 'invocation_command': 'dbt debug', 'use_colors': 'True', 'indirect_selection': 'eager', 'use_experimental_parser': 'False', 'log_path': 'logs'}
[0m21:38:15.775454 [info ] [MainThread]: dbt version: 1.11.8
[0m21:38:15.775454 [info ] [MainThread]: python version: 3.12.6
[0m21:38:15.776452 [info ] [MainThread]: python path: C:\Code\airflow-dbt-snowflake\venv\Scripts\python.exe
[0m21:38:15.776452 [info ] [MainThread]: os info: Windows-11-10.0.26200-SP0
[0m21:38:16.062774 [debug] [MainThread]: Snowflake adapter: Setting snowflake.connector to ERROR (file logging only)
[0m21:38:16.064195 [debug] [MainThread]: Snowflake adapter: Setting botocore to ERROR (file logging only)
[0m21:38:16.064195 [debug] [MainThread]: Snowflake adapter: Setting boto3 to ERROR (file logging only)
[0m21:38:16.172752 [info ] [MainThread]: Using profiles dir at C:\Users\avigh\.dbt
[0m21:38:16.173754 [info ] [MainThread]: Using profiles.yml file at C:\Users\avigh\.dbt\profiles.yml
[0m21:38:16.174747 [info ] [MainThread]: Using dbt_project.yml file at C:\Code\airflow-dbt-snowflake\dbt_project.yml
[0m21:38:16.174747 [info ] [MainThread]: adapter type: snowflake
[0m21:38:16.175752 [info ] [MainThread]: adapter version: 1.11.4
[0m21:38:16.175752 [info ] [MainThread]: Configuration:
[0m21:38:16.176747 [info ] [MainThread]:   profiles.yml file [[32mOK found and valid[0m]
[0m21:38:16.176747 [info ] [MainThread]:   dbt_project.yml file [[31mERROR not found[0m]
[0m21:38:16.176747 [info ] [MainThread]: Required dependencies:
[0m21:38:16.177748 [debug] [MainThread]: Executing "git --help"
[0m21:38:16.240844 [debug] [MainThread]: STDOUT: "b"usage: git [-v | --version] [-h | --help] [-C <path>] [-c <name>=<value>]\n           [--exec-path[=<path>]] [--html-path] [--man-path] [--info-path]\n           [-p | --paginate | -P | --no-pager] [--no-replace-objects] [--no-lazy-fetch]\n           [--no-optional-locks] [--no-advice] [--bare] [--git-dir=<path>]\n           [--work-tree=<path>] [--namespace=<name>] [--config-env=<name>=<envvar>]\n           <command> [<args>]\n\nThese are common Git commands used in various situations:\n\nstart a working area (see also: git help tutorial)\n   clone      Clone a repository into a new directory\n   init       Create an empty Git repository or reinitialize an existing one\n\nwork on the current change (see also: git help everyday)\n   add        Add file contents to the index\n   mv         Move or rename a file, a directory, or a symlink\n   restore    Restore working tree files\n   rm         Remove files from the working tree and from the index\n\nexamine the history and state (see also: git help revisions)\n   bisect     Use binary search to find the commit that introduced a bug\n   diff       Show changes between commits, commit and working tree, etc\n   grep       Print lines matching a pattern\n   log        Show commit logs\n   show       Show various types of objects\n   status     Show the working tree status\n\ngrow, mark and tweak your common history\n   backfill   Download missing objects in a partial clone\n   branch     List, create, or delete branches\n   commit     Record changes to the repository\n   merge      Join two or more development histories together\n   rebase     Reapply commits on top of another base tip\n   reset      Set `HEAD` or the index to a known state\n   switch     Switch branches\n   tag        Create, list, delete or verify tags\n\ncollaborate (see also: git help workflows)\n   fetch      Download objects and refs from another repository\n   pull       Fetch from and integrate with another repository or a local branch\n   push       Update remote refs along with associated objects\n\n'git help -a' and 'git help -g' list available subcommands and some\nconcept guides. See 'git help <command>' or 'git help <concept>'\nto read about a specific subcommand or concept.\nSee 'git help git' for an overview of the system.\n""
[0m21:38:16.241856 [debug] [MainThread]: STDERR: "b''"
[0m21:38:16.241856 [info ] [MainThread]:  - git [[32mOK found[0m]

[0m21:38:16.242856 [info ] [MainThread]: Connection:
[0m21:38:16.242856 [info ] [MainThread]:   account: SOQJYYN-TZC70084
[0m21:38:16.243941 [info ] [MainThread]:   user: AE02
[0m21:38:16.243941 [info ] [MainThread]:   database: DEV
[0m21:38:16.243941 [info ] [MainThread]:   warehouse: COMPUTE_WH
[0m21:38:16.244948 [info ] [MainThread]:   role: ACCOUNTADMIN
[0m21:38:16.244948 [info ] [MainThread]:   schema: PUBLIC
[0m21:38:16.245947 [info ] [MainThread]:   authenticator: None
[0m21:38:16.245947 [info ] [MainThread]:   oauth_client_id: None
[0m21:38:16.245947 [info ] [MainThread]:   query_tag: None
[0m21:38:16.246950 [info ] [MainThread]:   client_session_keep_alive: False
[0m21:38:16.246950 [info ] [MainThread]:   host: None
[0m21:38:16.246950 [info ] [MainThread]:   port: None
[0m21:38:16.247951 [info ] [MainThread]:   proxy_host: None
[0m21:38:16.248949 [info ] [MainThread]:   proxy_port: None
[0m21:38:16.248949 [info ] [MainThread]:   protocol: None
[0m21:38:16.249952 [info ] [MainThread]:   connect_retries: 1
[0m21:38:16.249952 [info ] [MainThread]:   connect_timeout: None
[0m21:38:16.250947 [info ] [MainThread]:   retry_on_database_errors: False
[0m21:38:16.250947 [info ] [MainThread]:   retry_all: False
[0m21:38:16.250947 [info ] [MainThread]:   insecure_mode: False
[0m21:38:16.250947 [info ] [MainThread]:   reuse_connections: True
[0m21:38:16.250947 [info ] [MainThread]:   s3_stage_vpce_dns_name: None
[0m21:38:16.252458 [info ] [MainThread]:   platform_detection_timeout_seconds: 0.0
[0m21:38:16.252458 [info ] [MainThread]: Registered adapter: snowflake=1.11.4
[0m21:38:16.483014 [debug] [MainThread]: Acquiring new snowflake connection 'debug'
[0m21:38:16.541211 [debug] [MainThread]: Using snowflake connection "debug"
[0m21:38:16.541211 [debug] [MainThread]: On debug: select 1 as id
[0m21:38:16.542212 [debug] [MainThread]: Opening a new connection, currently in state init
[0m21:38:19.105497 [debug] [MainThread]: SQL status: SUCCESS 1 in 2.564 seconds
[0m21:38:19.107496 [info ] [MainThread]:   Connection test: [[32mOK connection ok[0m]

[0m21:38:19.109498 [info ] [MainThread]: [31m1 check failed:[0m
[0m21:38:19.110499 [info ] [MainThread]: Project loading failed for the following reason:
 project path <C:\Code\airflow-dbt-snowflake\dbt_project.yml> not found

[0m21:38:19.112537 [debug] [MainThread]: Command `dbt debug` failed at 21:38:19.112537 after 3.58 seconds
[0m21:38:19.113553 [debug] [MainThread]: Connection 'debug' was left open.
[0m21:38:19.113553 [debug] [MainThread]: On debug: Close
[0m21:38:20.093010 [debug] [MainThread]: Sending event: {'category': 'dbt', 'action': 'invocation', 'label': 'end', 'context': [<snowplow_tracker.self_describing_json.SelfDescribingJson object at 0x0000026D4F5BA450>, <snowplow_tracker.self_describing_json.SelfDescribingJson object at 0x0000026D580A73E0>, <snowplow_tracker.self_describing_json.SelfDescribingJson object at 0x0000026D583DBA70>]}
[0m21:38:20.094014 [debug] [MainThread]: Flushing usage events
[0m21:38:21.679365 [debug] [MainThread]: An error was encountered while trying to flush usage events
[0m21:42:23.481085 [debug] [MainThread]: Sending event: {'category': 'dbt', 'action': 'invocation', 'label': 'start', 'context': [<snowplow_tracker.self_describing_json.SelfDescribingJson object at 0x000001699CB850A0>, <snowplow_tracker.self_describing_json.SelfDescribingJson object at 0x000001699D0698E0>, <snowplow_tracker.self_describing_json.SelfDescribingJson object at 0x000001699D293C20>]}


============================== 21:42:23.485713 | be9ab3e8-733d-42d5-8e49-cbfecadc355c ==============================
[0m21:42:23.485713 [info ] [MainThread]: Running with dbt=1.11.8
[0m21:42:23.485713 [debug] [MainThread]: running dbt with arguments {'version_check': 'True', 'no_print': 'None', 'static_parser': 'True', 'warn_error_options': 'WarnErrorOptionsV2(error=[], warn=[], silence=[])', 'target_path': 'None', 'printer_width': '80', 'write_json': 'True', 'empty': 'False', 'log_cache_events': 'False', 'introspect': 'True', 'cache_selected_only': 'False', 'log_format': 'default', 'debug': 'False', 'fail_fast': 'False', 'partial_parse': 'True', 'send_anonymous_usage_stats': 'True', 'quiet': 'False', 'warn_error': 'None', 'profiles_dir': 'C:\\Users\\avigh\\.dbt', 'use_colors': 'True', 'invocation_command': 'dbt run', 'indirect_selection': 'eager', 'use_experimental_parser': 'False', 'log_path': 'logs'}
[0m21:42:23.486707 [error] [MainThread]: Encountered an error:
Runtime Error
  No dbt_project.yml found at expected path C:\Code\airflow-dbt-snowflake\dbt_project.yml
  Verify that each entry within packages.yml (and their transitive dependencies) contains a file named dbt_project.yml
  
[0m21:42:23.487706 [debug] [MainThread]: Command `dbt run` failed at 21:42:23.487706 after 0.24 seconds
[0m21:42:23.487706 [debug] [MainThread]: Sending event: {'category': 'dbt', 'action': 'invocation', 'label': 'end', 'context': [<snowplow_tracker.self_describing_json.SelfDescribingJson object at 0x000001699AA65A60>, <snowplow_tracker.self_describing_json.SelfDescribingJson object at 0x000001699CB850A0>, <snowplow_tracker.self_describing_json.SelfDescribingJson object at 0x000001699E92B050>]}
[0m21:42:23.487706 [debug] [MainThread]: Flushing usage events
[0m21:42:25.526001 [debug] [MainThread]: An error was encountered while trying to flush usage events
